<?xml version="1.0" encoding="UTF-8"?>
<!-- Generated by org.testng.reporters.JUnitReportReporter -->
<testsuite skipped="0" hostname="LAPTOP-MGF1Q7NH" name="mytest.login_negative_Test" tests="3" failures="0" timestamp="24 May 2022 12:05:04 GMT" time="10.476" errors="0">
  <testcase name="loginTest" time="3.599" classname="mytest.login_negative_Test"/>
  <testcase name="loginTest" time="3.250" classname="mytest.login_negative_Test"/>
  <testcase name="loginTest" time="3.627" classname="mytest.login_negative_Test"/>
</testsuite> <!-- mytest.login_negative_Test -->
