<?xml version="1.0" encoding="UTF-8"?>
<!-- Generated by org.testng.reporters.JUnitReportReporter -->
<testsuite skipped="0" hostname="LAPTOP-MGF1Q7NH" name="testngassignment.priority" tests="3" failures="0" timestamp="20 May 2022 17:43:24 GMT" time="0.010" errors="0">
  <testcase name="test_b" time="0.002" classname="testngassignment.priority"/>
  <testcase name="test_a" time="0.007" classname="testngassignment.priority"/>
  <testcase name="test_c" time="0.001" classname="testngassignment.priority"/>
</testsuite> <!-- testngassignment.priority -->
