<?xml version="1.0" encoding="UTF-8"?>
<!-- Generated by org.testng.reporters.JUnitReportReporter -->
<testsuite skipped="0" hostname="LAPTOP-MGF1Q7NH" name="mytest.OrangeHRMTest" tests="3" failures="0" timestamp="23 May 2022 11:10:24 GMT" time="0.094" errors="0">
  <testcase name="pageUrltest" time="0.011" classname="mytest.OrangeHRMTest"/>
  <testcase name="pageTitleTest" time="0.037" classname="mytest.OrangeHRMTest"/>
  <testcase name="IssearchBoxAvailableCheck" time="0.046" classname="mytest.OrangeHRMTest"/>
</testsuite> <!-- mytest.OrangeHRMTest -->
