<?xml version="1.0" encoding="UTF-8"?>
<!-- Generated by org.testng.reporters.JUnitReportReporter -->
<testsuite skipped="0" hostname="LAPTOP-MGF1Q7NH" name="mytest.GoogleTest" tests="3" failures="0" timestamp="23 May 2022 11:10:24 GMT" time="0.094" errors="0">
  <testcase name="pageUrltest" time="0.021" classname="mytest.GoogleTest"/>
  <testcase name="pageTitleTest" time="0.015" classname="mytest.GoogleTest"/>
  <testcase name="IssearchBoxAvailableCheck" time="0.058" classname="mytest.GoogleTest"/>
</testsuite> <!-- mytest.GoogleTest -->
