<?xml version="1.0" encoding="UTF-8"?>
<!-- Generated by org.testng.reporters.JUnitReportReporter -->
<testsuite skipped="0" hostname="LAPTOP-MGF1Q7NH" name="testngassignment.invocationcount" tests="10" failures="0" timestamp="21 May 2022 15:47:24 GMT" time="0.014" errors="0">
  <testcase name="logintest" time="0.000" classname="testngassignment.invocationcount"/>
  <testcase name="logintest" time="0.009" classname="testngassignment.invocationcount"/>
  <testcase name="logintest" time="0.001" classname="testngassignment.invocationcount"/>
  <testcase name="logintest" time="0.001" classname="testngassignment.invocationcount"/>
  <testcase name="logintest" time="0.000" classname="testngassignment.invocationcount"/>
  <testcase name="logintest" time="0.000" classname="testngassignment.invocationcount"/>
  <testcase name="logintest" time="0.001" classname="testngassignment.invocationcount"/>
  <testcase name="logintest" time="0.000" classname="testngassignment.invocationcount"/>
  <testcase name="logintest" time="0.001" classname="testngassignment.invocationcount"/>
  <testcase name="logintest" time="0.001" classname="testngassignment.invocationcount"/>
</testsuite> <!-- testngassignment.invocationcount -->
