<?xml version="1.0" encoding="UTF-8"?>
<!-- Generated by org.testng.reporters.JUnitReportReporter -->
<testsuite skipped="0" hostname="LAPTOP-MGF1Q7NH" name="testngassignment.dependsonMethodsclass" tests="3" failures="0" timestamp="21 May 2022 15:08:13 GMT" time="0.010" errors="0">
  <testcase name="bverifysearch" time="0.002" classname="testngassignment.dependsonMethodsclass"/>
  <testcase name="logintest" time="0.007" classname="testngassignment.dependsonMethodsclass"/>
  <testcase name="checkDashboard" time="0.001" classname="testngassignment.dependsonMethodsclass"/>
</testsuite> <!-- testngassignment.dependsonMethodsclass -->
