<?xml version="1.0" encoding="UTF-8"?>
<!-- Generated by org.testng.reporters.JUnitReportReporter -->
<testsuite skipped="0" hostname="LAPTOP-MGF1Q7NH" name="testngassignment.ExpectedExceptionclass" tests="1" failures="0" timestamp="21 May 2022 15:39:47 GMT" time="0.008" errors="0">
  <testcase name="logintest" time="0.008" classname="testngassignment.ExpectedExceptionclass"/>
</testsuite> <!-- testngassignment.ExpectedExceptionclass -->
